Change Component Designator: Old Designator=C17 New Designator=C18
Change Component Designator: Old Designator=C18 New Designator=C19
Change Component Designator: Old Designator=C19 New Designator=C20
Change Component Designator: Old Designator=C20 New Designator=C21
Change Component Designator: Old Designator=C21 New Designator=C22
Change Component Designator: Old Designator=C? New Designator=C17
Change Component Designator: Old Designator=D3 New Designator=D4
Change Component Designator: Old Designator=D? New Designator=D3
Change Component Designator: Old Designator=Q3 New Designator=Q7
Change Component Designator: Old Designator=Q4 New Designator=Q8
Change Component Designator: Old Designator=Q5 New Designator=Q9
Change Component Designator: Old Designator=Q? New Designator=Q3
Change Component Designator: Old Designator=Q? New Designator=Q4
Change Component Designator: Old Designator=Q? New Designator=Q5
Change Component Designator: Old Designator=Q? New Designator=Q6
Change Component Designator: Old Designator=R6 New Designator=R7
Change Component Designator: Old Designator=R7 New Designator=R6
Change Component Designator: Old Designator=R10 New Designator=R14
Change Component Designator: Old Designator=R11 New Designator=R15
Change Component Designator: Old Designator=R12 New Designator=R20
Change Component Designator: Old Designator=R13 New Designator=R21
Change Component Designator: Old Designator=R14 New Designator=R23
Change Component Designator: Old Designator=R15 New Designator=R24
Change Component Designator: Old Designator=R16 New Designator=R25
Change Component Designator: Old Designator=R17 New Designator=R26
Change Component Designator: Old Designator=R18 New Designator=R34
Change Component Designator: Old Designator=R19 New Designator=R35
Change Component Designator: Old Designator=R20 New Designator=R36
Change Component Designator: Old Designator=R21 New Designator=R37
Change Component Designator: Old Designator=R22 New Designator=R38
Change Component Designator: Old Designator=R23 New Designator=R39
Change Component Designator: Old Designator=R24 New Designator=R40
Change Component Designator: Old Designator=R? New Designator=R10
Change Component Designator: Old Designator=R? New Designator=R11
Change Component Designator: Old Designator=R? New Designator=R12
Change Component Designator: Old Designator=R? New Designator=R13
Change Component Designator: Old Designator=R? New Designator=R16
Change Component Designator: Old Designator=R? New Designator=R17
Change Component Designator: Old Designator=R? New Designator=R18
Change Component Designator: Old Designator=R? New Designator=R19
Change Component Designator: Old Designator=R? New Designator=R22
Change Component Designator: Old Designator=R? New Designator=R27
Change Component Designator: Old Designator=R? New Designator=R28
Change Component Designator: Old Designator=R? New Designator=R29
Change Component Designator: Old Designator=R? New Designator=R30
Change Component Designator: Old Designator=R? New Designator=R31
Change Component Designator: Old Designator=R? New Designator=R32
Change Component Designator: Old Designator=R? New Designator=R33
Change Component Designator: Old Designator=U9 New Designator=U10
Change Component Designator: Old Designator=U10 New Designator=U11
Change Component Designator: Old Designator=U11 New Designator=U12
Change Component Designator: Old Designator=U12 New Designator=U13
Change Component Designator: Old Designator=U? New Designator=U9
Change Component Designator: Old Designator=UP New Designator=UP1
Change Component Designator: Old Designator=UP New Designator=UP2
Change Component Designator: Old Designator=UP New Designator=UP3
Change Component Designator: Old Designator=UP New Designator=UP4
