Removed Pin From Net: NetName=NetC23_1 Pin=C23-1
Removed Pin From Net: NetName=DOT1 Pin=Q1-1
Removed Pin From Net: NetName=DOT2 Pin=Q3-1
Removed Pin From Net: NetName=NetQ5_3 Pin=Q5-3
Removed Pin From Net: NetName=NetQ6_3 Pin=Q6-3
Removed Pin From Net: NetName=NetQ7_3 Pin=Q7-3
Removed Pin From Net: NetName=NetQ8_3 Pin=Q8-3
Removed Pin From Net: NetName=NetQ9_3 Pin=Q9-3
Removed Pin From Net: NetName=NetQ10_3 Pin=Q10-3
Removed Pin From Net: NetName=NetQ11_3 Pin=Q11-3
Removed Pin From Net: NetName=NetQ12_3 Pin=Q12-3
Removed Pin From Net: NetName=NetQ13_3 Pin=Q13-3
Removed Pin From Net: NetName=NetQ14_3 Pin=Q14-3
Removed Pin From Net: NetName=NetR12_1 Pin=R12-1
Removed Pin From Net: NetName=VH Pin=R12-2
Removed Pin From Net: NetName=TUBE4-0 Pin=R21-2
Removed Pin From Net: NetName=TUBE1-1 Pin=R23-2
Removed Pin From Net: NetName=TUBE3-1 Pin=R27-2
Removed Pin From Net: NetName=TUBE3-3 Pin=R39-2
Removed Pin From Net: NetName=TUBE1-8 Pin=R57-1
Removed Pin From Net: NetName=3V3 Pin=R62-1
Removed Pin From Net: NetName=DS18B20 Pin=R62-2
Removed Pin From Net: NetName=3V3 Pin=R63-1
Removed Pin From Net: NetName=SCL Pin=R63-2
Removed Pin From Net: NetName=3V3 Pin=R64-1
Removed Pin From Net: NetName=SDA Pin=R64-2
Removed Pin From Net: NetName=3V3 Pin=R66-1
Removed Pin From Net: NetName=KEY2 Pin=R66-2
Removed Pin From Net: NetName=3V3 Pin=R67-1
Removed Pin From Net: NetName=KEY3 Pin=R67-2
Removed Pin From Net: NetName=3V3 Pin=R68-1
Removed Pin From Net: NetName=KEY4 Pin=R68-2
Removed Pin From Net: NetName=INT#/SQW Pin=R69-1
Removed Pin From Net: NetName=3V3 Pin=R69-2
Removed Pin From Net: NetName=HX1838 Pin=R71-1
Removed Pin From Net: NetName=3V3 Pin=R71-2
Removed Pin From Net: NetName=NetR7_1 Pin=T5-2
Removed Pin From Net: NetName=NetQ5_3 Pin=T5-3
Removed Pin From Net: NetName=NetQ6_3 Pin=T5-4
Removed Pin From Net: NetName=NetQ7_3 Pin=T5-5
Removed Pin From Net: NetName=NetQ8_3 Pin=T5-6
Removed Pin From Net: NetName=NetQ9_3 Pin=T5-7
Removed Pin From Net: NetName=NetQ10_3 Pin=T5-9
Removed Pin From Net: NetName=NetQ11_3 Pin=T5-10
Removed Pin From Net: NetName=NetQ12_3 Pin=T5-11
Removed Pin From Net: NetName=NetQ13_3 Pin=T5-12
Removed Pin From Net: NetName=NetQ14_3 Pin=T5-13
Removed Pin From Net: NetName=DIN1 Pin=U7-14
Removed Pin From Net: NetName=DIN2 Pin=U7-15
Removed Pin From Net: NetName=DIN3 Pin=U7-16
Removed Pin From Net: NetName=DIN4 Pin=U7-17
Removed Pin From Net: NetName=NetC23_1 Pin=U8-4
Removed Pin From Net: NetName=DGND Pin=U13-1
Removed Pin From Net: NetName=DS18B20 Pin=U13-2
Removed Pin From Net: NetName=3V3 Pin=U13-3
Change Component DesignItemId : Designator=R66 Old DesignItemId=0805 10K次 (1002) 1% New DesignItemId=0805 4.7K次 (4701) 1%
Change Component DesignItemId : Designator=R67 Old DesignItemId=0805 10K次 (1002) 1% New DesignItemId=0805 4.7K次 (4701) 1%
Change Component DesignItemId : Designator=R68 Old DesignItemId=0805 10K次 (1002) 1% New DesignItemId=0805 4.7K次 (4701) 1%
Change Component DesignItemId : Designator=R12 Old DesignItemId=0805 20K次 (2002) 1% New DesignItemId=0805 4.7K次 (4701) 1%
Change Component DesignItemId : Designator=R21 Old DesignItemId=0805 33K次 (3302) 1% New DesignItemId=0805 4.7K次 (4701) 1%
Change Component DesignItemId : Designator=R27 Old DesignItemId=0805 33K次 (3302) 1% New DesignItemId=0805 4.7K次 (4701) 1%
Change Component DesignItemId : Designator=R39 Old DesignItemId=0805 33K次 (3302) 1% New DesignItemId=0805 4.7K次 (4701) 1%
Change Component DesignItemId : Designator=U13 Old DesignItemId=DS18B20 New DesignItemId=74HC595D
Change Component DesignItemId : Designator=T5 Old DesignItemId=QS30-1 New DesignItemId=M3肣翐蹟佪謂
Change Component Footprint: Designator=C12 Old Footprint=C-RB-6 New Footprint=C-RB-S6
Change Component Footprint: Designator=T5 Old Footprint=QS30-1 New Footprint=蹟佪謂-3mm
Change Component Footprint: Designator=U13 Old Footprint=TO-92A New Footprint=LC-SOIC-16_150mil
Change Component Comment : Designator=R66 Old Comment=10K次 (1002) ㊣1% New Comment=4.7K次 (4701) ㊣1%
Change Component Comment : Designator=R67 Old Comment=10K次 (1002) ㊣1% New Comment=4.7K次 (4701) ㊣1%
Change Component Comment : Designator=R68 Old Comment=10K次 (1002) ㊣1% New Comment=4.7K次 (4701) ㊣1%
Change Component Comment : Designator=R12 Old Comment=20K次 (2002) ㊣1% New Comment=4.7K次 (4701) ㊣1%
Change Component Comment : Designator=R21 Old Comment=33K次 (3302) ㊣1% New Comment=4.7K次 (4701) ㊣1%
Change Component Comment : Designator=R27 Old Comment=33K次 (3302) ㊣1% New Comment=4.7K次 (4701) ㊣1%
Change Component Comment : Designator=R39 Old Comment=33K次 (3302) ㊣1% New Comment=4.7K次 (4701) ㊣1%
Change Component Comment : Designator=U13 Old Comment=DS18B20 New Comment=74HC595D
Change Component Comment : Designator=T5 Old Comment=QS30-1 New Comment=M3肣翐蹟佪謂
Change Component Designator: OldDesignator=C24 NewDesignator=C25
Change Component Designator: OldDesignator=C25 NewDesignator=C26
Change Component Designator: OldDesignator=C26 NewDesignator=C27
Change Component Designator: OldDesignator=C27 NewDesignator=C28
Change Component Designator: OldDesignator=C28 NewDesignator=C29
Change Component Designator: OldDesignator=C29 NewDesignator=C30
Change Component Designator: OldDesignator=C30 NewDesignator=C31
Change Component Designator: OldDesignator=C31 NewDesignator=C32
Change Component Designator: OldDesignator=Q3 NewDesignator=Q2
Change Component Designator: OldDesignator=Q4 NewDesignator=Q3
Change Component Designator: OldDesignator=Q5 NewDesignator=Q4
Change Component Designator: OldDesignator=Q6 NewDesignator=Q5
Change Component Designator: OldDesignator=Q7 NewDesignator=Q6
Change Component Designator: OldDesignator=Q8 NewDesignator=Q7
Change Component Designator: OldDesignator=Q9 NewDesignator=Q8
Change Component Designator: OldDesignator=Q10 NewDesignator=Q9
Change Component Designator: OldDesignator=Q11 NewDesignator=Q10
Change Component Designator: OldDesignator=Q12 NewDesignator=Q11
Change Component Designator: OldDesignator=Q13 NewDesignator=Q12
Change Component Designator: OldDesignator=Q14 NewDesignator=Q13
Change Component Designator: OldDesignator=Q15 NewDesignator=Q14
Change Component Designator: OldDesignator=Q16 NewDesignator=Q15
Change Component Designator: OldDesignator=Q17 NewDesignator=Q16
Change Component Designator: OldDesignator=Q18 NewDesignator=Q17
Change Component Designator: OldDesignator=Q19 NewDesignator=Q18
Change Component Designator: OldDesignator=Q20 NewDesignator=Q19
Change Component Designator: OldDesignator=Q21 NewDesignator=Q20
Change Component Designator: OldDesignator=Q22 NewDesignator=Q21
Change Component Designator: OldDesignator=Q23 NewDesignator=Q22
Change Component Designator: OldDesignator=Q24 NewDesignator=Q23
Change Component Designator: OldDesignator=Q25 NewDesignator=Q24
Change Component Designator: OldDesignator=Q26 NewDesignator=Q25
Change Component Designator: OldDesignator=Q27 NewDesignator=Q26
Change Component Designator: OldDesignator=Q28 NewDesignator=Q27
Change Component Designator: OldDesignator=Q29 NewDesignator=Q28
Change Component Designator: OldDesignator=Q30 NewDesignator=Q29
Change Component Designator: OldDesignator=Q31 NewDesignator=Q30
Change Component Designator: OldDesignator=Q32 NewDesignator=Q31
Change Component Designator: OldDesignator=Q33 NewDesignator=Q32
Change Component Designator: OldDesignator=Q34 NewDesignator=Q33
Change Component Designator: OldDesignator=Q35 NewDesignator=Q34
Change Component Designator: OldDesignator=Q36 NewDesignator=Q35
Change Component Designator: OldDesignator=Q37 NewDesignator=Q36
Change Component Designator: OldDesignator=Q38 NewDesignator=Q37
Change Component Designator: OldDesignator=Q39 NewDesignator=Q38
Change Component Designator: OldDesignator=Q40 NewDesignator=Q39
Change Component Designator: OldDesignator=Q41 NewDesignator=Q40
Change Component Designator: OldDesignator=Q42 NewDesignator=Q41
Change Component Designator: OldDesignator=Q43 NewDesignator=Q42
Change Component Designator: OldDesignator=Q44 NewDesignator=Q43
Change Component Designator: OldDesignator=Q45 NewDesignator=Q44
Change Component Designator: OldDesignator=Q46 NewDesignator=Q45
Change Component Designator: OldDesignator=Q47 NewDesignator=Q46
Change Component Designator: OldDesignator=R2 NewDesignator=R3
Change Component Designator: OldDesignator=R3 NewDesignator=R4
Change Component Designator: OldDesignator=R4 NewDesignator=R5
Change Component Designator: OldDesignator=R5 NewDesignator=R6
Change Component Designator: OldDesignator=R6 NewDesignator=R7
Change Component Designator: OldDesignator=R7 NewDesignator=R8
Change Component Designator: OldDesignator=R8 NewDesignator=R10
Change Component Designator: OldDesignator=R9 NewDesignator=R11
Change Component Designator: OldDesignator=R10 NewDesignator=R13
Change Component Designator: OldDesignator=R11 NewDesignator=R14
Change Component Designator: OldDesignator=R13 NewDesignator=R16
Change Component Designator: OldDesignator=R14 NewDesignator=R17
Change Component Designator: OldDesignator=R15 NewDesignator=R18
Change Component Designator: OldDesignator=R16 NewDesignator=R19
Change Component Designator: OldDesignator=R17 NewDesignator=R20
Change Component Designator: OldDesignator=R18 NewDesignator=R22
Change Component Designator: OldDesignator=R19 NewDesignator=R35
Change Component Designator: OldDesignator=R20 NewDesignator=R47
Change Component Designator: OldDesignator=R22 NewDesignator=R30
Change Component Designator: OldDesignator=R24 NewDesignator=R42
Change Component Designator: OldDesignator=R25 NewDesignator=R41
Change Component Designator: OldDesignator=R26 NewDesignator=R53
Change Component Designator: OldDesignator=R28 NewDesignator=R65
Change Component Designator: OldDesignator=R29 NewDesignator=R64
Change Component Designator: OldDesignator=R30 NewDesignator=R28
Change Component Designator: OldDesignator=R31 NewDesignator=R34
Change Component Designator: OldDesignator=R32 NewDesignator=R2
Change Component Designator: OldDesignator=R33 NewDesignator=R46
Change Component Designator: OldDesignator=R34 NewDesignator=R57
Change Component Designator: OldDesignator=R35 NewDesignator=R26
Change Component Designator: OldDesignator=R36 NewDesignator=R40
Change Component Designator: OldDesignator=R37 NewDesignator=R9
Change Component Designator: OldDesignator=R38 NewDesignator=R51
Change Component Designator: OldDesignator=R40 NewDesignator=R33
Change Component Designator: OldDesignator=R41 NewDesignator=R55
Change Component Designator: OldDesignator=R42 NewDesignator=R45
Change Component Designator: OldDesignator=R43 NewDesignator=R24
Change Component Designator: OldDesignator=R44 NewDesignator=R56
Change Component Designator: OldDesignator=R45 NewDesignator=R37
Change Component Designator: OldDesignator=R46 NewDesignator=R25
Change Component Designator: OldDesignator=R47 NewDesignator=R49
Change Component Designator: OldDesignator=R48 NewDesignator=R38
Change Component Designator: OldDesignator=R49 NewDesignator=R61
Change Component Designator: OldDesignator=R51 NewDesignator=R31
Change Component Designator: OldDesignator=R52 NewDesignator=R62
Change Component Designator: OldDesignator=R53 NewDesignator=R43
Change Component Designator: OldDesignator=R54 NewDesignator=R32
Change Component Designator: OldDesignator=R55 NewDesignator=R54
Change Component Designator: OldDesignator=R56 NewDesignator=R44
Change Component Designator: OldDesignator=R58 NewDesignator=R36
Change Component Designator: OldDesignator=R59 NewDesignator=R48
Change Component Designator: OldDesignator=R60 NewDesignator=R59
Change Component Designator: OldDesignator=R61 NewDesignator=R60
Change Component Designator: OldDesignator=R65 NewDesignator=R69
Change Component Designator: OldDesignator=R70 NewDesignator=R74
Change Component Designator: OldDesignator=T6 NewDesignator=T7
Change Component Designator: OldDesignator=T7 NewDesignator=T8
Change Component Designator: OldDesignator=T8 NewDesignator=T9
Change Component Designator: OldDesignator=U14 NewDesignator=U15
Change Component Designator: OldDesignator=U15 NewDesignator=U16
Added Component: Designator=C24(LC-0805_C)
Added Component: Designator=R15(LC-0805_R)
Added Component: Designator=R29(LC-0805_R)
Added Component: Designator=R52(LC-0805_R)
Added Component: Designator=R58(LC-0805_R)
Added Component: Designator=R63(LC-0805_R)
Added Component: Designator=R70(LC-0805_R)
Added Component: Designator=R71(LC-0805_R)
Added Component: Designator=R72(LC-0805_R)
Added Component: Designator=R73(LC-0805_R)
Added Component: Designator=R75(LC-0805_R)
Added Component: Designator=T6(QS30-1)
Added Component: Designator=U9(LC-SOIC-16_150mil)
Added Component: Designator=U10(LC-SOIC-16_150mil)
Added Component: Designator=U11(LC-SOIC-16_150mil)
Added Component: Designator=U12(LC-SOIC-16_150mil)
Added Component: Designator=U14(TO-92A)
Added Pin To Net: NetName=+5 Pin=C23-1
Added Pin To Net: NetName=DIN3 Pin=C23-1
Added Pin To Net: NetName=DGND Pin=C23-2
Added Pin To Net: NetName=DIN4 Pin=Q1-1
Added Pin To Net: NetName=NetC23_1 Pin=Q2-1
Added Pin To Net: NetName=NetQ14_3 Pin=Q4-3
Added Pin To Net: NetName=NetQ5_3 Pin=Q5-3
Added Pin To Net: NetName=NetQ6_3 Pin=Q6-3
Added Pin To Net: NetName=NetQ7_3 Pin=Q7-3
Added Pin To Net: NetName=NetQ8_3 Pin=Q8-3
Added Pin To Net: NetName=NetQ9_3 Pin=Q9-3
Added Pin To Net: NetName=NetQ10_3 Pin=Q10-3
Added Pin To Net: NetName=NetQ11_3 Pin=Q11-3
Added Pin To Net: NetName=NetQ12_3 Pin=Q12-3
Added Pin To Net: NetName=NetQ13_3 Pin=Q13-3
Added Pin To Net: NetName=DIN4 Pin=R2-2
Added Pin To Net: NetName=NetC23_1 Pin=R9-2
Added Pin To Net: NetName=RGB Pin=R12-1
Added Pin To Net: NetName=3V3 Pin=R12-2
Added Pin To Net: NetName=NetR12_1 Pin=R12-1
Added Pin To Net: NetName=VH Pin=R12-2
Added Pin To Net: NetName=3V3 Pin=R21-1
Added Pin To Net: NetName=TUBE1-8 Pin=R23-1
Added Pin To Net: NetName=3V3 Pin=R27-1
Added Pin To Net: NetName=DIN1 Pin=R27-2
Added Pin To Net: NetName=TUBE1-1 Pin=R23-2
Added Pin To Net: NetName=3V3 Pin=R39-1
Added Pin To Net: NetName=TUBE3-1 Pin=R27-2
Added Pin To Net: NetName=TUBE4-0 Pin=R21-2
Added Pin To Net: NetName=TUBE3-3 Pin=R39-2
Added Pin To Net: NetName=DS18B20 Pin=R66-1
Added Pin To Net: NetName=3V3 Pin=R66-2
Added Pin To Net: NetName=SCL Pin=R67-1
Added Pin To Net: NetName=3V3 Pin=R67-2
Added Pin To Net: NetName=SDA Pin=R68-1
Added Pin To Net: NetName=3V3 Pin=R68-2
Added Pin To Net: NetName=3V3 Pin=R66-1
Added Pin To Net: NetName=KEY2 Pin=R66-2
Added Pin To Net: NetName=3V3 Pin=R67-1
Added Pin To Net: NetName=KEY3 Pin=R67-2
Added Pin To Net: NetName=3V3 Pin=R68-1
Added Pin To Net: NetName=KEY4 Pin=R68-2
Added Pin To Net: NetName=3V3 Pin=R73-1
Added Pin To Net: NetName=INT#/SQW Pin=R73-2
Added Pin To Net: NetName=3V3 Pin=R75-1
Added Pin To Net: NetName=HX1838 Pin=R75-2
Added Pin To Net: NetName=DIN1 Pin=U7-15
Added Pin To Net: NetName=DIN2 Pin=U7-17
Added Pin To Net: NetName=DOT1 Pin=U7-29
Added Pin To Net: NetName=DOT2 Pin=U7-30
Added Pin To Net: NetName=DIN3 Pin=U8-4
Added Pin To Net: NetName=DGND Pin=U9-8
Added Pin To Net: NetName=+5 Pin=U9-10
Added Pin To Net: NetName=DIN1 Pin=U9-11
Added Pin To Net: NetName=DIN2 Pin=U9-13
Added Pin To Net: NetName=+5 Pin=U9-16
Added Pin To Net: NetName=DGND Pin=U10-8
Added Pin To Net: NetName=+5 Pin=U10-10
Added Pin To Net: NetName=DIN1 Pin=U10-11
Added Pin To Net: NetName=DIN2 Pin=U10-13
Added Pin To Net: NetName=+5 Pin=U10-16
Added Pin To Net: NetName=DGND Pin=U11-8
Added Pin To Net: NetName=+5 Pin=U11-10
Added Pin To Net: NetName=DIN1 Pin=U11-11
Added Pin To Net: NetName=DIN2 Pin=U11-13
Added Pin To Net: NetName=+5 Pin=U11-16
Added Pin To Net: NetName=DGND Pin=U12-8
Added Pin To Net: NetName=+5 Pin=U12-10
Added Pin To Net: NetName=DIN1 Pin=U12-11
Added Pin To Net: NetName=DIN2 Pin=U12-13
Added Pin To Net: NetName=+5 Pin=U12-16
Added Pin To Net: NetName=DGND Pin=U13-8
Added Pin To Net: NetName=+5 Pin=U13-10
Added Pin To Net: NetName=DIN1 Pin=U13-11
Added Pin To Net: NetName=DIN2 Pin=U13-13
Added Pin To Net: NetName=+5 Pin=U13-16
Added Pin To Net: NetName=DGND Pin=U13-1
Added Pin To Net: NetName=DS18B20 Pin=U13-2
Added Pin To Net: NetName=3V3 Pin=U13-3
Change Net Name : Old Net Name=DIN1 New Net Name=SHIFTCLK
Change Net Name : Old Net Name=DIN2 New Net Name=OE#
Change Net Name : Old Net Name=DIN3 New Net Name=NetC24_1
Change Net Name : Old Net Name=DIN4 New Net Name=NetQ1_1
Change Net Name : Old Net Name=NetC23_1 New Net Name=NetQ2_1
Change Net Name : Old Net Name=NetC24_1 New Net Name=NetC25_1
Change Net Name : Old Net Name=NetC25_1 New Net Name=NetC26_1
Change Net Name : Old Net Name=NetQ3_3 New Net Name=NetQ2_3
Change Net Name : Old Net Name=NetQ4_1 New Net Name=NetQ3_1
Change Net Name : Old Net Name=NetQ14_3 New Net Name=NetQ4_3
Change Net Name : Old Net Name=NetQ15_3 New Net Name=NetQ14_3
Change Net Name : Old Net Name=NetQ16_3 New Net Name=NetQ15_3
Change Net Name : Old Net Name=NetQ17_3 New Net Name=NetQ16_3
Change Net Name : Old Net Name=NetQ18_3 New Net Name=NetQ17_3
Change Net Name : Old Net Name=NetQ19_3 New Net Name=NetQ18_3
Change Net Name : Old Net Name=NetQ20_3 New Net Name=NetQ19_3
Change Net Name : Old Net Name=NetQ21_3 New Net Name=NetQ20_3
Change Net Name : Old Net Name=NetQ22_3 New Net Name=NetQ21_3
Change Net Name : Old Net Name=NetQ23_3 New Net Name=NetQ22_3
Change Net Name : Old Net Name=NetQ24_3 New Net Name=NetQ23_3
Change Net Name : Old Net Name=NetQ25_3 New Net Name=NetQ24_3
Change Net Name : Old Net Name=NetQ26_3 New Net Name=NetQ25_3
Change Net Name : Old Net Name=NetQ27_3 New Net Name=NetQ26_3
Change Net Name : Old Net Name=NetQ28_3 New Net Name=NetQ27_3
Change Net Name : Old Net Name=NetQ29_3 New Net Name=NetQ28_3
Change Net Name : Old Net Name=NetQ30_3 New Net Name=NetQ29_3
Change Net Name : Old Net Name=NetQ31_3 New Net Name=NetQ30_3
Change Net Name : Old Net Name=NetQ32_3 New Net Name=NetQ31_3
Change Net Name : Old Net Name=NetQ33_3 New Net Name=NetQ32_3
Change Net Name : Old Net Name=NetQ34_3 New Net Name=NetQ33_3
Change Net Name : Old Net Name=NetQ35_3 New Net Name=NetQ34_3
Change Net Name : Old Net Name=NetQ36_3 New Net Name=NetQ35_3
Change Net Name : Old Net Name=NetQ37_3 New Net Name=NetQ36_3
Change Net Name : Old Net Name=NetQ38_3 New Net Name=NetQ37_3
Change Net Name : Old Net Name=NetQ39_3 New Net Name=NetQ38_3
Change Net Name : Old Net Name=NetQ40_3 New Net Name=NetQ39_3
Change Net Name : Old Net Name=NetQ41_3 New Net Name=NetQ40_3
Change Net Name : Old Net Name=NetQ42_3 New Net Name=NetQ41_3
Change Net Name : Old Net Name=NetQ43_3 New Net Name=NetQ42_3
Change Net Name : Old Net Name=NetQ44_3 New Net Name=NetQ43_3
Change Net Name : Old Net Name=NetQ45_1 New Net Name=NetQ44_1
Change Net Name : Old Net Name=NetQ45_2 New Net Name=NetQ44_2
Change Net Name : Old Net Name=NetQ46_1 New Net Name=NetQ45_1
Change Net Name : Old Net Name=NetQ46_3 New Net Name=NetQ45_3
Change Net Name : Old Net Name=NetQ47_1 New Net Name=NetQ46_1
Change Net Name : Old Net Name=NetR3_2 New Net Name=NetR4_2
Change Net Name : Old Net Name=NetR4_1 New Net Name=NetR5_1
Change Net Name : Old Net Name=NetR5_1 New Net Name=NetR6_1
Change Net Name : Old Net Name=NetR7_1 New Net Name=NetR8_1
Change Net Name : Old Net Name=NetR9_1 New Net Name=NetR11_1
Change Net Name : Old Net Name=NetR12_1 New Net Name=NetR15_1
Change Net Name : Old Net Name=NetR13_1 New Net Name=NetR16_1
Change Net Name : Old Net Name=NetR17_1 New Net Name=NetR20_1
Added Pin To Net: NetName=DIN Pin=R39-2
Added Pin To Net: NetName=DIN Pin=U7-14
Added Pin To Net: NetName=DIN Pin=U9-14
Added Net: Name=DIN
Added Pin To Net: NetName=LATCHCLK Pin=R21-2
Added Pin To Net: NetName=LATCHCLK Pin=U7-16
Added Pin To Net: NetName=LATCHCLK Pin=U9-12
Added Pin To Net: NetName=LATCHCLK Pin=U10-12
Added Pin To Net: NetName=LATCHCLK Pin=U11-12
Added Pin To Net: NetName=LATCHCLK Pin=U12-12
Added Pin To Net: NetName=LATCHCLK Pin=U13-12
Added Net: Name=LATCHCLK
Added Pin To Net: NetName=NetR22_1 Pin=R22-1
Added Pin To Net: NetName=NetR22_1 Pin=U9-15
Added Net: Name=NetR22_1
Added Pin To Net: NetName=NetR23_2 Pin=R23-2
Added Pin To Net: NetName=NetR23_2 Pin=U10-15
Added Net: Name=NetR23_2
Added Pin To Net: NetName=NetR24_2 Pin=R24-2
Added Pin To Net: NetName=NetR24_2 Pin=U11-15
Added Net: Name=NetR24_2
Added Pin To Net: NetName=NetR25_1 Pin=R25-1
Added Pin To Net: NetName=NetR25_1 Pin=U12-15
Added Net: Name=NetR25_1
Added Pin To Net: NetName=NetR26_1 Pin=R26-1
Added Pin To Net: NetName=NetR26_1 Pin=U13-15
Added Net: Name=NetR26_1
Added Pin To Net: NetName=NetR29_1 Pin=R23-1
Added Pin To Net: NetName=NetR29_1 Pin=U9-1
Added Net: Name=NetR29_1
Added Pin To Net: NetName=NetR30_2 Pin=R30-2
Added Pin To Net: NetName=NetR30_2 Pin=U10-1
Added Net: Name=NetR30_2
Added Pin To Net: NetName=NetR31_2 Pin=R31-2
Added Pin To Net: NetName=NetR31_2 Pin=U11-1
Added Net: Name=NetR31_2
Added Pin To Net: NetName=NetR32_1 Pin=R32-1
Added Pin To Net: NetName=NetR32_1 Pin=U12-1
Added Net: Name=NetR32_1
Added Pin To Net: NetName=NetR33_1 Pin=R33-1
Added Pin To Net: NetName=NetR33_1 Pin=U13-1
Added Net: Name=NetR33_1
Added Pin To Net: NetName=NetR34_1 Pin=R34-1
Added Pin To Net: NetName=NetR34_1 Pin=U9-2
Added Net: Name=NetR34_1
Added Pin To Net: NetName=NetR35_1 Pin=R35-1
Added Pin To Net: NetName=NetR35_1 Pin=U10-2
Added Net: Name=NetR35_1
Added Pin To Net: NetName=NetR36_2 Pin=R36-2
Added Pin To Net: NetName=NetR36_2 Pin=U11-2
Added Net: Name=NetR36_2
Added Pin To Net: NetName=NetR37_2 Pin=R37-2
Added Pin To Net: NetName=NetR37_2 Pin=U12-2
Added Net: Name=NetR37_2
Added Pin To Net: NetName=NetR38_1 Pin=R38-1
Added Pin To Net: NetName=NetR38_1 Pin=U13-2
Added Net: Name=NetR38_1
Added Pin To Net: NetName=NetR40_1 Pin=R40-1
Added Pin To Net: NetName=NetR40_1 Pin=U9-3
Added Net: Name=NetR40_1
Added Pin To Net: NetName=NetR41_1 Pin=R41-1
Added Pin To Net: NetName=NetR41_1 Pin=U10-3
Added Net: Name=NetR41_1
Added Pin To Net: NetName=NetR42_2 Pin=R42-2
Added Pin To Net: NetName=NetR42_2 Pin=U11-3
Added Net: Name=NetR42_2
Added Pin To Net: NetName=NetR43_2 Pin=R43-2
Added Pin To Net: NetName=NetR43_2 Pin=U12-3
Added Net: Name=NetR43_2
Added Pin To Net: NetName=NetR44_1 Pin=R44-1
Added Pin To Net: NetName=NetR44_1 Pin=U13-3
Added Net: Name=NetR44_1
Added Pin To Net: NetName=NetR45_1 Pin=R45-1
Added Pin To Net: NetName=NetR45_1 Pin=U9-4
Added Net: Name=NetR45_1
Added Pin To Net: NetName=NetR46_1 Pin=R46-1
Added Pin To Net: NetName=NetR46_1 Pin=U10-4
Added Net: Name=NetR46_1
Added Pin To Net: NetName=NetR47_1 Pin=R47-1
Added Pin To Net: NetName=NetR47_1 Pin=U11-4
Added Net: Name=NetR47_1
Added Pin To Net: NetName=NetR48_2 Pin=R48-2
Added Pin To Net: NetName=NetR48_2 Pin=U12-4
Added Net: Name=NetR48_2
Added Pin To Net: NetName=NetR49_2 Pin=R49-2
Added Pin To Net: NetName=NetR49_2 Pin=U13-4
Added Net: Name=NetR49_2
Added Pin To Net: NetName=NetR50_1 Pin=R50-1
Added Pin To Net: NetName=NetR50_1 Pin=U9-5
Added Net: Name=NetR50_1
Added Pin To Net: NetName=NetR51_1 Pin=R51-1
Added Pin To Net: NetName=NetR51_1 Pin=U10-5
Added Net: Name=NetR51_1
Added Pin To Net: NetName=NetR52_1 Pin=R27-1
Added Pin To Net: NetName=NetR52_1 Pin=U11-5
Added Net: Name=NetR52_1
Added Pin To Net: NetName=NetR53_2 Pin=R53-2
Added Pin To Net: NetName=NetR53_2 Pin=U12-5
Added Net: Name=NetR53_2
Added Pin To Net: NetName=NetR54_2 Pin=R54-2
Added Pin To Net: NetName=NetR54_2 Pin=U13-5
Added Net: Name=NetR54_2
Added Pin To Net: NetName=NetR55_2 Pin=R55-2
Added Pin To Net: NetName=NetR55_2 Pin=U9-6
Added Net: Name=NetR55_2
Added Pin To Net: NetName=NetR56_1 Pin=R56-1
Added Pin To Net: NetName=NetR56_1 Pin=U10-6
Added Net: Name=NetR56_1
Added Pin To Net: NetName=NetR57_1 Pin=R57-1
Added Pin To Net: NetName=NetR57_1 Pin=U11-6
Added Net: Name=NetR57_1
Added Pin To Net: NetName=NetR58_1 Pin=R21-1
Added Pin To Net: NetName=NetR58_1 Pin=U12-6
Added Net: Name=NetR58_1
Added Pin To Net: NetName=NetR59_2 Pin=R59-2
Added Pin To Net: NetName=NetR59_2 Pin=U13-6
Added Net: Name=NetR59_2
Added Pin To Net: NetName=NetR61_2 Pin=R61-2
Added Pin To Net: NetName=NetR61_2 Pin=U9-7
Added Net: Name=NetR61_2
Added Pin To Net: NetName=NetR62_1 Pin=R62-1
Added Pin To Net: NetName=NetR62_1 Pin=U10-7
Added Net: Name=NetR62_1
Added Pin To Net: NetName=NetR63_1 Pin=R39-1
Added Pin To Net: NetName=NetR63_1 Pin=U11-7
Added Net: Name=NetR63_1
Added Pin To Net: NetName=NetR64_1 Pin=R64-1
Added Pin To Net: NetName=NetR64_1 Pin=U12-7
Added Net: Name=NetR64_1
Added Pin To Net: NetName=NetR65_2 Pin=R65-2
Added Pin To Net: NetName=NetR65_2 Pin=U13-7
Added Net: Name=NetR65_2
Added Pin To Net: NetName=NetU9_9 Pin=U9-9
Added Pin To Net: NetName=NetU9_9 Pin=U10-14
Added Net: Name=NetU9_9
Added Pin To Net: NetName=NetU10_9 Pin=U10-9
Added Pin To Net: NetName=NetU10_9 Pin=U11-14
Added Net: Name=NetU10_9
Added Pin To Net: NetName=NetU11_9 Pin=U11-9
Added Pin To Net: NetName=NetU11_9 Pin=U12-14
Added Net: Name=NetU11_9
Added Pin To Net: NetName=NetU12_9 Pin=U12-9
Added Pin To Net: NetName=NetU12_9 Pin=U13-14
Added Net: Name=NetU12_9
Added Member To Class: ClassName=MyNixie Member=Component C32 22uF (226) 20% 25V
Added Member To Class: ClassName=MyNixie Member=Component R72 10K次 (1002) ㊣1%
Added Member To Class: ClassName=MyNixie Member=Component R73 4.7K次 (4701) ㊣1%
Added Member To Class: ClassName=MyNixie Member=Component R74 1K次 (1001) ㊣1%
Added Member To Class: ClassName=MyNixie Member=Component R75 4.7K次 (4701) ㊣1%
Added Member To Class: ClassName=MyNixie Member=Component T9 QS30-1
Added Member To Class: ClassName=MyNixie Member=Component U9 74HC595D
Added Member To Class: ClassName=MyNixie Member=Component U10 74HC595D
Added Member To Class: ClassName=MyNixie Member=Component U11 74HC595D
Added Member To Class: ClassName=MyNixie Member=Component U12 74HC595D
Added Member To Class: ClassName=MyNixie Member=Component U16 HX1838
