Removed Pin From Net: NetName=NetC24_1 Pin=C23-1
Removed Pin From Net: NetName=NetR15_1 Pin=R12-1
Removed Pin From Net: NetName=VH Pin=R12-2
Removed Pin From Net: NetName=3V3 Pin=R66-1
Removed Pin From Net: NetName=KEY2 Pin=R66-2
Removed Pin From Net: NetName=3V3 Pin=R67-1
Removed Pin From Net: NetName=KEY3 Pin=R67-2
Removed Pin From Net: NetName=3V3 Pin=R68-1
Removed Pin From Net: NetName=KEY4 Pin=R68-2
Removed Pin From Net: NetName=DGND Pin=U13-1
Removed Pin From Net: NetName=DS18B20 Pin=U13-2
Removed Pin From Net: NetName=3V3 Pin=U13-3
Added Component: Designator=C24(LC-0805_C)
Added Component: Designator=Q3(LC-TO-252-2-180)
Added Component: Designator=R15(LC-0805_R)
Added Component: Designator=R70(LC-0805_R)
Added Component: Designator=R71(LC-0805_R)
Added Component: Designator=R72(LC-0805_R)
Added Component: Designator=T6(QS30-1)
Added Component: Designator=U14(TO-92A)
Added Pin To Net: NetName=+5 Pin=C23-1
Added Pin To Net: NetName=NetC24_1 Pin=C23-1
Added Pin To Net: NetName=DGND Pin=C23-2
Added Pin To Net: NetName=NetQ3_1 Pin=Q3-1
Added Pin To Net: NetName=NetD2_1 Pin=Q3-2
Added Pin To Net: NetName=GND Pin=Q3-3
Added Pin To Net: NetName=RGB Pin=R12-1
Added Pin To Net: NetName=3V3 Pin=R12-2
Added Pin To Net: NetName=NetR15_1 Pin=R12-1
Added Pin To Net: NetName=VH Pin=R12-2
Added Pin To Net: NetName=DS18B20 Pin=R66-1
Added Pin To Net: NetName=3V3 Pin=R66-2
Added Pin To Net: NetName=SCL Pin=R67-1
Added Pin To Net: NetName=3V3 Pin=R67-2
Added Pin To Net: NetName=SDA Pin=R68-1
Added Pin To Net: NetName=3V3 Pin=R68-2
Added Pin To Net: NetName=3V3 Pin=R66-1
Added Pin To Net: NetName=KEY2 Pin=R66-2
Added Pin To Net: NetName=3V3 Pin=R67-1
Added Pin To Net: NetName=KEY3 Pin=R67-2
Added Pin To Net: NetName=3V3 Pin=R68-1
Added Pin To Net: NetName=KEY4 Pin=R68-2
Added Pin To Net: NetName=NetR33_1 Pin=U13-1
Added Pin To Net: NetName=NetR38_1 Pin=U13-2
Added Pin To Net: NetName=NetR44_1 Pin=U13-3
Added Pin To Net: NetName=DGND Pin=U13-1
Added Pin To Net: NetName=DS18B20 Pin=U13-2
Added Pin To Net: NetName=3V3 Pin=U13-3
Added Member To Class: ClassName=MyNixie Member=Component C24 100nF(104) 10% 50V
Added Member To Class: ClassName=MyNixie Member=Component Q3 IRF740
Added Member To Class: ClassName=MyNixie Member=Component R15 20K次 (2002) ㊣1%
Added Member To Class: ClassName=MyNixie Member=Component R70 10K次 (1002) ㊣1%
Added Member To Class: ClassName=MyNixie Member=Component R71 10K次 (1002) ㊣1%
Added Member To Class: ClassName=MyNixie Member=Component R72 10K次 (1002) ㊣1%
Added Member To Class: ClassName=MyNixie Member=Component T6 QS30-1
Added Member To Class: ClassName=MyNixie Member=Component U14 DS18B20
