Change Component Designator: Old Designator=*1 New Designator=*2
Change Component Designator: Old Designator=*2 New Designator=*1
Change Component Designator: Old Designator=*3 New Designator=*4
Change Component Designator: Old Designator=*4 New Designator=*3
Change Component Designator: Old Designator=C5 New Designator=C19
Change Component Designator: Old Designator=C5 New Designator=C20
Change Component Designator: Old Designator=C5 New Designator=C21
Change Component Designator: Old Designator=C5 New Designator=C22
Change Component Designator: Old Designator=C5 New Designator=C23
Change Component Designator: Old Designator=C20 New Designator=C24
Change Component Designator: Old Designator=C21 New Designator=C25
Change Component Designator: Old Designator=C22 New Designator=C26
Change Component Designator: Old Designator=C23 New Designator=C27
Change Component Designator: Old Designator=D4 New Designator=D3
Change Component Designator: Old Designator=Q1 New Designator=Q2
Change Component Designator: Old Designator=Q2 New Designator=Q1
Change Component Designator: Old Designator=Q2 New Designator=Q5
Change Component Designator: Old Designator=Q2 New Designator=Q6
Change Component Designator: Old Designator=Q2 New Designator=Q7
Change Component Designator: Old Designator=Q2 New Designator=Q8
Change Component Designator: Old Designator=Q2 New Designator=Q9
Change Component Designator: Old Designator=Q2 New Designator=Q10
Change Component Designator: Old Designator=Q2 New Designator=Q11
Change Component Designator: Old Designator=Q2 New Designator=Q12
Change Component Designator: Old Designator=Q2 New Designator=Q13
Change Component Designator: Old Designator=Q2 New Designator=Q14
Change Component Designator: Old Designator=Q2 New Designator=Q15
Change Component Designator: Old Designator=Q2 New Designator=Q16
Change Component Designator: Old Designator=Q2 New Designator=Q17
Change Component Designator: Old Designator=Q2 New Designator=Q18
Change Component Designator: Old Designator=Q2 New Designator=Q19
Change Component Designator: Old Designator=Q2 New Designator=Q20
Change Component Designator: Old Designator=Q2 New Designator=Q21
Change Component Designator: Old Designator=Q2 New Designator=Q22
Change Component Designator: Old Designator=Q2 New Designator=Q23
Change Component Designator: Old Designator=Q2 New Designator=Q24
Change Component Designator: Old Designator=Q2 New Designator=Q25
Change Component Designator: Old Designator=Q2 New Designator=Q26
Change Component Designator: Old Designator=Q2 New Designator=Q27
Change Component Designator: Old Designator=Q2 New Designator=Q28
Change Component Designator: Old Designator=Q2 New Designator=Q29
Change Component Designator: Old Designator=Q2 New Designator=Q30
Change Component Designator: Old Designator=Q2 New Designator=Q31
Change Component Designator: Old Designator=Q2 New Designator=Q32
Change Component Designator: Old Designator=Q2 New Designator=Q33
Change Component Designator: Old Designator=Q2 New Designator=Q34
Change Component Designator: Old Designator=Q2 New Designator=Q35
Change Component Designator: Old Designator=Q2 New Designator=Q36
Change Component Designator: Old Designator=Q2 New Designator=Q37
Change Component Designator: Old Designator=Q2 New Designator=Q38
Change Component Designator: Old Designator=Q2 New Designator=Q39
Change Component Designator: Old Designator=Q2 New Designator=Q40
Change Component Designator: Old Designator=Q2 New Designator=Q41
Change Component Designator: Old Designator=Q2 New Designator=Q42
Change Component Designator: Old Designator=Q2 New Designator=Q43
Change Component Designator: Old Designator=Q2 New Designator=Q44
Change Component Designator: Old Designator=Q5 New Designator=Q45
Change Component Designator: Old Designator=Q6 New Designator=Q46
Change Component Designator: Old Designator=Q7 New Designator=Q47
Change Component Designator: Old Designator=R3 New Designator=R4
Change Component Designator: Old Designator=R4 New Designator=R5
Change Component Designator: Old Designator=R5 New Designator=R8
Change Component Designator: Old Designator=R6 New Designator=R7
Change Component Designator: Old Designator=R7 New Designator=R6
Change Component Designator: Old Designator=R8 New Designator=R15
Change Component Designator: Old Designator=R9 New Designator=R14
Change Component Designator: Old Designator=R10 New Designator=R11
Change Component Designator: Old Designator=R11 New Designator=R10
Change Component Designator: Old Designator=R12 New Designator=R3
Change Component Designator: Old Designator=R13 New Designator=R9
Change Component Designator: Old Designator=R14 New Designator=R12
Change Component Designator: Old Designator=R15 New Designator=R13
Change Component Designator: Old Designator=R19 New Designator=R18
Change Component Designator: Old Designator=R20 New Designator=R19
Change Component Designator: Old Designator=R21 New Designator=R20
Change Component Designator: Old Designator=R22 New Designator=R21
Change Component Designator: Old Designator=R30 New Designator=R22
Change Component Designator: Old Designator=R31 New Designator=R23
Change Component Designator: Old Designator=R32 New Designator=R24
Change Component Designator: Old Designator=R33 New Designator=R25
Change Component Designator: Old Designator=R34 New Designator=R26
Change Component Designator: Old Designator=R35 New Designator=R27
Change Component Designator: Old Designator=U8 New Designator=U7
Change Component Designator: Old Designator=U9 New Designator=U13
Change Component Designator: Old Designator=U10 New Designator=U14
Change Component Designator: Old Designator=U11 New Designator=U15
Change Component Designator: Old Designator=U? New Designator=U8
Change Component Designator: Old Designator=U? New Designator=U9
Change Component Designator: Old Designator=U? New Designator=U10
Change Component Designator: Old Designator=U? New Designator=U11
Change Component Designator: Old Designator=U? New Designator=U12
