Removed Pin From Net: NetName=NetC24_1 Pin=C23-1
Removed Pin From Net: NetName=DOT1 Pin=R2-1
Removed Pin From Net: NetName=NetQ1_1 Pin=R2-2
Removed Pin From Net: NetName=DOT2 Pin=R9-1
Removed Pin From Net: NetName=NetQ2_1 Pin=R9-2
Removed Pin From Net: NetName=NetR15_1 Pin=R12-1
Removed Pin From Net: NetName=VH Pin=R12-2
Removed Pin From Net: NetName=NetR58_1 Pin=R21-1
Removed Pin From Net: NetName=NetR29_1 Pin=R23-1
Removed Pin From Net: NetName=NetR23_2 Pin=R23-2
Removed Pin From Net: NetName=TUBE2-6 Pin=R24-1
Removed Pin From Net: NetName=NetR24_2 Pin=R24-2
Removed Pin From Net: NetName=NetR52_1 Pin=R27-1
Removed Pin From Net: NetName=TUBE3-1 Pin=R27-2
Removed Pin From Net: NetName=TUBE1-9 Pin=R30-1
Removed Pin From Net: NetName=NetR30_2 Pin=R30-2
Removed Pin From Net: NetName=TUBE2-7 Pin=R31-1
Removed Pin From Net: NetName=NetR31_2 Pin=R31-2
Removed Pin From Net: NetName=TUBE2-8 Pin=R36-1
Removed Pin From Net: NetName=NetR36_2 Pin=R36-2
Removed Pin From Net: NetName=TUBE3-6 Pin=R37-1
Removed Pin From Net: NetName=NetR37_2 Pin=R37-2
Removed Pin From Net: NetName=NetR63_1 Pin=R39-1
Removed Pin From Net: NetName=TUBE2-9 Pin=R42-1
Removed Pin From Net: NetName=NetR42_2 Pin=R42-2
Removed Pin From Net: NetName=TUBE3-7 Pin=R43-1
Removed Pin From Net: NetName=NetR43_2 Pin=R43-2
Removed Pin From Net: NetName=TUBE3-8 Pin=R48-1
Removed Pin From Net: NetName=NetR48_2 Pin=R48-2
Removed Pin From Net: NetName=TUBE4-6 Pin=R49-1
Removed Pin From Net: NetName=NetR49_2 Pin=R49-2
Removed Pin From Net: NetName=TUBE3-9 Pin=R53-1
Removed Pin From Net: NetName=NetR53_2 Pin=R53-2
Removed Pin From Net: NetName=TUBE4-7 Pin=R54-1
Removed Pin From Net: NetName=NetR54_2 Pin=R54-2
Removed Pin From Net: NetName=TUBE1-6 Pin=R55-1
Removed Pin From Net: NetName=NetR55_2 Pin=R55-2
Removed Pin From Net: NetName=TUBE4-8 Pin=R59-1
Removed Pin From Net: NetName=NetR59_2 Pin=R59-2
Removed Pin From Net: NetName=TUBE1-7 Pin=R61-1
Removed Pin From Net: NetName=NetR61_2 Pin=R61-2
Removed Pin From Net: NetName=TUBE4-9 Pin=R65-1
Removed Pin From Net: NetName=NetR65_2 Pin=R65-2
Removed Pin From Net: NetName=3V3 Pin=R66-1
Removed Pin From Net: NetName=KEY2 Pin=R66-2
Removed Pin From Net: NetName=3V3 Pin=R67-1
Removed Pin From Net: NetName=KEY3 Pin=R67-2
Removed Pin From Net: NetName=3V3 Pin=R68-1
Removed Pin From Net: NetName=KEY4 Pin=R68-2
Change Component DesignItemId : Designator=R2 Old DesignItemId=0805 33K次 (3302) 1% New DesignItemId=0805 24K次 (2402) 1%
Change Component DesignItemId : Designator=R9 Old DesignItemId=0805 33K次 (3302) 1% New DesignItemId=0805 24K次 (2402) 1%
Change Component DesignItemId : Designator=R22 Old DesignItemId=0805 33K次 (3302) 1% New DesignItemId=0805 24K次 (2402) 1%
Change Component DesignItemId : Designator=R23 Old DesignItemId=0805 33K次 (3302) 1% New DesignItemId=0805 24K次 (2402) 1%
Change Component DesignItemId : Designator=R24 Old DesignItemId=0805 33K次 (3302) 1% New DesignItemId=0805 24K次 (2402) 1%
Change Component DesignItemId : Designator=R25 Old DesignItemId=0805 33K次 (3302) 1% New DesignItemId=0805 24K次 (2402) 1%
Change Component DesignItemId : Designator=R26 Old DesignItemId=0805 33K次 (3302) 1% New DesignItemId=0805 24K次 (2402) 1%
Change Component DesignItemId : Designator=R29 Old DesignItemId=0805 33K次 (3302) 1% New DesignItemId=0805 24K次 (2402) 1%
Change Component DesignItemId : Designator=R30 Old DesignItemId=0805 33K次 (3302) 1% New DesignItemId=0805 24K次 (2402) 1%
Change Component DesignItemId : Designator=R31 Old DesignItemId=0805 33K次 (3302) 1% New DesignItemId=0805 24K次 (2402) 1%
Change Component DesignItemId : Designator=R32 Old DesignItemId=0805 33K次 (3302) 1% New DesignItemId=0805 24K次 (2402) 1%
Change Component DesignItemId : Designator=R33 Old DesignItemId=0805 33K次 (3302) 1% New DesignItemId=0805 24K次 (2402) 1%
Change Component DesignItemId : Designator=R34 Old DesignItemId=0805 33K次 (3302) 1% New DesignItemId=0805 24K次 (2402) 1%
Change Component DesignItemId : Designator=R35 Old DesignItemId=0805 33K次 (3302) 1% New DesignItemId=0805 24K次 (2402) 1%
Change Component DesignItemId : Designator=R36 Old DesignItemId=0805 33K次 (3302) 1% New DesignItemId=0805 24K次 (2402) 1%
Change Component DesignItemId : Designator=R37 Old DesignItemId=0805 33K次 (3302) 1% New DesignItemId=0805 24K次 (2402) 1%
Change Component DesignItemId : Designator=R38 Old DesignItemId=0805 33K次 (3302) 1% New DesignItemId=0805 24K次 (2402) 1%
Change Component DesignItemId : Designator=R40 Old DesignItemId=0805 33K次 (3302) 1% New DesignItemId=0805 24K次 (2402) 1%
Change Component DesignItemId : Designator=R41 Old DesignItemId=0805 33K次 (3302) 1% New DesignItemId=0805 24K次 (2402) 1%
Change Component DesignItemId : Designator=R42 Old DesignItemId=0805 33K次 (3302) 1% New DesignItemId=0805 24K次 (2402) 1%
Change Component DesignItemId : Designator=R43 Old DesignItemId=0805 33K次 (3302) 1% New DesignItemId=0805 24K次 (2402) 1%
Change Component DesignItemId : Designator=R44 Old DesignItemId=0805 33K次 (3302) 1% New DesignItemId=0805 24K次 (2402) 1%
Change Component DesignItemId : Designator=R45 Old DesignItemId=0805 33K次 (3302) 1% New DesignItemId=0805 24K次 (2402) 1%
Change Component DesignItemId : Designator=R46 Old DesignItemId=0805 33K次 (3302) 1% New DesignItemId=0805 24K次 (2402) 1%
Change Component DesignItemId : Designator=R47 Old DesignItemId=0805 33K次 (3302) 1% New DesignItemId=0805 24K次 (2402) 1%
Change Component DesignItemId : Designator=R48 Old DesignItemId=0805 33K次 (3302) 1% New DesignItemId=0805 24K次 (2402) 1%
Change Component DesignItemId : Designator=R49 Old DesignItemId=0805 33K次 (3302) 1% New DesignItemId=0805 24K次 (2402) 1%
Change Component DesignItemId : Designator=R50 Old DesignItemId=0805 33K次 (3302) 1% New DesignItemId=0805 24K次 (2402) 1%
Change Component DesignItemId : Designator=R51 Old DesignItemId=0805 33K次 (3302) 1% New DesignItemId=0805 24K次 (2402) 1%
Change Component DesignItemId : Designator=R52 Old DesignItemId=0805 33K次 (3302) 1% New DesignItemId=0805 24K次 (2402) 1%
Change Component DesignItemId : Designator=R53 Old DesignItemId=0805 33K次 (3302) 1% New DesignItemId=0805 24K次 (2402) 1%
Change Component DesignItemId : Designator=R54 Old DesignItemId=0805 33K次 (3302) 1% New DesignItemId=0805 24K次 (2402) 1%
Change Component DesignItemId : Designator=R55 Old DesignItemId=0805 33K次 (3302) 1% New DesignItemId=0805 24K次 (2402) 1%
Change Component DesignItemId : Designator=R56 Old DesignItemId=0805 33K次 (3302) 1% New DesignItemId=0805 24K次 (2402) 1%
Change Component DesignItemId : Designator=R57 Old DesignItemId=0805 33K次 (3302) 1% New DesignItemId=0805 24K次 (2402) 1%
Change Component DesignItemId : Designator=R58 Old DesignItemId=0805 33K次 (3302) 1% New DesignItemId=0805 24K次 (2402) 1%
Change Component DesignItemId : Designator=R59 Old DesignItemId=0805 33K次 (3302) 1% New DesignItemId=0805 24K次 (2402) 1%
Change Component DesignItemId : Designator=R61 Old DesignItemId=0805 33K次 (3302) 1% New DesignItemId=0805 24K次 (2402) 1%
Change Component DesignItemId : Designator=R62 Old DesignItemId=0805 33K次 (3302) 1% New DesignItemId=0805 24K次 (2402) 1%
Change Component DesignItemId : Designator=R63 Old DesignItemId=0805 33K次 (3302) 1% New DesignItemId=0805 24K次 (2402) 1%
Change Component DesignItemId : Designator=R64 Old DesignItemId=0805 33K次 (3302) 1% New DesignItemId=0805 24K次 (2402) 1%
Change Component DesignItemId : Designator=R65 Old DesignItemId=0805 33K次 (3302) 1% New DesignItemId=0805 24K次 (2402) 1%
Change Component Footprint: Designator=Q3 Old Footprint=LC-TO-252-2-180 New Footprint=TO-220-拏給
Change Component Comment : Designator=R2 Old Comment=33K次 (3302) ㊣1% New Comment=24K次 (2402) ㊣1%
Change Component Comment : Designator=R9 Old Comment=33K次 (3302) ㊣1% New Comment=24K次 (2402) ㊣1%
Change Component Comment : Designator=R22 Old Comment=33K次 (3302) ㊣1% New Comment=24K次 (2402) ㊣1%
Change Component Comment : Designator=R23 Old Comment=33K次 (3302) ㊣1% New Comment=24K次 (2402) ㊣1%
Change Component Comment : Designator=R24 Old Comment=33K次 (3302) ㊣1% New Comment=24K次 (2402) ㊣1%
Change Component Comment : Designator=R25 Old Comment=33K次 (3302) ㊣1% New Comment=24K次 (2402) ㊣1%
Change Component Comment : Designator=R26 Old Comment=33K次 (3302) ㊣1% New Comment=24K次 (2402) ㊣1%
Change Component Comment : Designator=R29 Old Comment=33K次 (3302) ㊣1% New Comment=24K次 (2402) ㊣1%
Change Component Comment : Designator=R30 Old Comment=33K次 (3302) ㊣1% New Comment=24K次 (2402) ㊣1%
Change Component Comment : Designator=R31 Old Comment=33K次 (3302) ㊣1% New Comment=24K次 (2402) ㊣1%
Change Component Comment : Designator=R32 Old Comment=33K次 (3302) ㊣1% New Comment=24K次 (2402) ㊣1%
Change Component Comment : Designator=R33 Old Comment=33K次 (3302) ㊣1% New Comment=24K次 (2402) ㊣1%
Change Component Comment : Designator=R34 Old Comment=33K次 (3302) ㊣1% New Comment=24K次 (2402) ㊣1%
Change Component Comment : Designator=R35 Old Comment=33K次 (3302) ㊣1% New Comment=24K次 (2402) ㊣1%
Change Component Comment : Designator=R36 Old Comment=33K次 (3302) ㊣1% New Comment=24K次 (2402) ㊣1%
Change Component Comment : Designator=R37 Old Comment=33K次 (3302) ㊣1% New Comment=24K次 (2402) ㊣1%
Change Component Comment : Designator=R38 Old Comment=33K次 (3302) ㊣1% New Comment=24K次 (2402) ㊣1%
Change Component Comment : Designator=R40 Old Comment=33K次 (3302) ㊣1% New Comment=24K次 (2402) ㊣1%
Change Component Comment : Designator=R41 Old Comment=33K次 (3302) ㊣1% New Comment=24K次 (2402) ㊣1%
Change Component Comment : Designator=R42 Old Comment=33K次 (3302) ㊣1% New Comment=24K次 (2402) ㊣1%
Change Component Comment : Designator=R43 Old Comment=33K次 (3302) ㊣1% New Comment=24K次 (2402) ㊣1%
Change Component Comment : Designator=R44 Old Comment=33K次 (3302) ㊣1% New Comment=24K次 (2402) ㊣1%
Change Component Comment : Designator=R45 Old Comment=33K次 (3302) ㊣1% New Comment=24K次 (2402) ㊣1%
Change Component Comment : Designator=R46 Old Comment=33K次 (3302) ㊣1% New Comment=24K次 (2402) ㊣1%
Change Component Comment : Designator=R47 Old Comment=33K次 (3302) ㊣1% New Comment=24K次 (2402) ㊣1%
Change Component Comment : Designator=R48 Old Comment=33K次 (3302) ㊣1% New Comment=24K次 (2402) ㊣1%
Change Component Comment : Designator=R49 Old Comment=33K次 (3302) ㊣1% New Comment=24K次 (2402) ㊣1%
Change Component Comment : Designator=R50 Old Comment=33K次 (3302) ㊣1% New Comment=24K次 (2402) ㊣1%
Change Component Comment : Designator=R51 Old Comment=33K次 (3302) ㊣1% New Comment=24K次 (2402) ㊣1%
Change Component Comment : Designator=R52 Old Comment=33K次 (3302) ㊣1% New Comment=24K次 (2402) ㊣1%
Change Component Comment : Designator=R53 Old Comment=33K次 (3302) ㊣1% New Comment=24K次 (2402) ㊣1%
Change Component Comment : Designator=R54 Old Comment=33K次 (3302) ㊣1% New Comment=24K次 (2402) ㊣1%
Change Component Comment : Designator=R55 Old Comment=33K次 (3302) ㊣1% New Comment=24K次 (2402) ㊣1%
Change Component Comment : Designator=R56 Old Comment=33K次 (3302) ㊣1% New Comment=24K次 (2402) ㊣1%
Change Component Comment : Designator=R57 Old Comment=33K次 (3302) ㊣1% New Comment=24K次 (2402) ㊣1%
Change Component Comment : Designator=R58 Old Comment=33K次 (3302) ㊣1% New Comment=24K次 (2402) ㊣1%
Change Component Comment : Designator=R59 Old Comment=33K次 (3302) ㊣1% New Comment=24K次 (2402) ㊣1%
Change Component Comment : Designator=R61 Old Comment=33K次 (3302) ㊣1% New Comment=24K次 (2402) ㊣1%
Change Component Comment : Designator=R62 Old Comment=33K次 (3302) ㊣1% New Comment=24K次 (2402) ㊣1%
Change Component Comment : Designator=R63 Old Comment=33K次 (3302) ㊣1% New Comment=24K次 (2402) ㊣1%
Change Component Comment : Designator=R64 Old Comment=33K次 (3302) ㊣1% New Comment=24K次 (2402) ㊣1%
Change Component Comment : Designator=R65 Old Comment=33K次 (3302) ㊣1% New Comment=24K次 (2402) ㊣1%
Added Component: Designator=C24(LC-0805_C)
Added Component: Designator=R15(LC-0805_R)
Added Component: Designator=R70(LC-0805_R)
Added Component: Designator=R71(LC-0805_R)
Added Component: Designator=R72(LC-0805_R)
Added Component: Designator=T6(QS30-1)
Added Component: Designator=U14(TO-92A)
Added Pin To Net: NetName=+5 Pin=C23-1
Added Pin To Net: NetName=NetC24_1 Pin=C23-1
Added Pin To Net: NetName=DGND Pin=C23-2
Added Pin To Net: NetName=NetQ1_1 Pin=R2-1
Added Pin To Net: NetName=DOT1 Pin=R2-2
Added Pin To Net: NetName=NetQ2_1 Pin=R9-1
Added Pin To Net: NetName=DOT2 Pin=R9-2
Added Pin To Net: NetName=RGB Pin=R12-1
Added Pin To Net: NetName=3V3 Pin=R12-2
Added Pin To Net: NetName=NetR15_1 Pin=R12-1
Added Pin To Net: NetName=VH Pin=R12-2
Added Pin To Net: NetName=3V3 Pin=R21-1
Added Pin To Net: NetName=NetR23_2 Pin=R23-1
Added Pin To Net: NetName=TUBE1-8 Pin=R23-2
Added Pin To Net: NetName=NetR24_2 Pin=R24-1
Added Pin To Net: NetName=TUBE2-6 Pin=R24-2
Added Pin To Net: NetName=3V3 Pin=R27-1
Added Pin To Net: NetName=SHIFTCLK Pin=R27-2
Added Pin To Net: NetName=NetR29_1 Pin=R29-1
Added Pin To Net: NetName=TUBE1-1 Pin=R29-2
Added Pin To Net: NetName=NetR30_2 Pin=R30-1
Added Pin To Net: NetName=TUBE1-9 Pin=R30-2
Added Pin To Net: NetName=NetR31_2 Pin=R31-1
Added Pin To Net: NetName=TUBE2-7 Pin=R31-2
Added Pin To Net: NetName=NetR36_2 Pin=R36-1
Added Pin To Net: NetName=TUBE2-8 Pin=R36-2
Added Pin To Net: NetName=NetR37_2 Pin=R37-1
Added Pin To Net: NetName=TUBE3-6 Pin=R37-2
Added Pin To Net: NetName=3V3 Pin=R39-1
Added Pin To Net: NetName=NetR42_2 Pin=R42-1
Added Pin To Net: NetName=TUBE2-9 Pin=R42-2
Added Pin To Net: NetName=NetR43_2 Pin=R43-1
Added Pin To Net: NetName=TUBE3-7 Pin=R43-2
Added Pin To Net: NetName=NetR48_2 Pin=R48-1
Added Pin To Net: NetName=TUBE3-8 Pin=R48-2
Added Pin To Net: NetName=NetR49_2 Pin=R49-1
Added Pin To Net: NetName=TUBE4-6 Pin=R49-2
Added Pin To Net: NetName=NetR52_1 Pin=R52-1
Added Pin To Net: NetName=TUBE3-1 Pin=R52-2
Added Pin To Net: NetName=NetR53_2 Pin=R53-1
Added Pin To Net: NetName=TUBE3-9 Pin=R53-2
Added Pin To Net: NetName=NetR54_2 Pin=R54-1
Added Pin To Net: NetName=TUBE4-7 Pin=R54-2
Added Pin To Net: NetName=NetR55_2 Pin=R55-1
Added Pin To Net: NetName=TUBE1-6 Pin=R55-2
Added Pin To Net: NetName=NetR58_1 Pin=R58-1
Added Pin To Net: NetName=TUBE4-0 Pin=R58-2
Added Pin To Net: NetName=NetR59_2 Pin=R59-1
Added Pin To Net: NetName=TUBE4-8 Pin=R59-2
Added Pin To Net: NetName=NetR61_2 Pin=R61-1
Added Pin To Net: NetName=TUBE1-7 Pin=R61-2
Added Pin To Net: NetName=NetR63_1 Pin=R63-1
Added Pin To Net: NetName=TUBE3-3 Pin=R63-2
Added Pin To Net: NetName=NetR65_2 Pin=R65-1
Added Pin To Net: NetName=TUBE4-9 Pin=R65-2
Added Pin To Net: NetName=DS18B20 Pin=R66-1
Added Pin To Net: NetName=3V3 Pin=R66-2
Added Pin To Net: NetName=SCL Pin=R67-1
Added Pin To Net: NetName=3V3 Pin=R67-2
Added Pin To Net: NetName=SDA Pin=R68-1
Added Pin To Net: NetName=3V3 Pin=R68-2
Added Pin To Net: NetName=3V3 Pin=R66-1
Added Pin To Net: NetName=KEY2 Pin=R66-2
Added Pin To Net: NetName=3V3 Pin=R67-1
Added Pin To Net: NetName=KEY3 Pin=R67-2
Added Pin To Net: NetName=3V3 Pin=R68-1
Added Pin To Net: NetName=KEY4 Pin=R68-2
Added Pin To Net: NetName=DGND Pin=U13-1
Added Pin To Net: NetName=DS18B20 Pin=U13-2
Added Pin To Net: NetName=3V3 Pin=U13-3
Change Net Name : Old Net Name=NetR23_2 New Net Name=NetR23_1
Change Net Name : Old Net Name=NetR24_2 New Net Name=NetR24_1
Change Net Name : Old Net Name=NetR30_2 New Net Name=NetR30_1
Change Net Name : Old Net Name=NetR31_2 New Net Name=NetR31_1
Change Net Name : Old Net Name=NetR36_2 New Net Name=NetR36_1
Change Net Name : Old Net Name=NetR37_2 New Net Name=NetR37_1
Change Net Name : Old Net Name=NetR42_2 New Net Name=NetR42_1
Change Net Name : Old Net Name=NetR43_2 New Net Name=NetR43_1
Change Net Name : Old Net Name=NetR48_2 New Net Name=NetR48_1
Change Net Name : Old Net Name=NetR49_2 New Net Name=NetR49_1
Change Net Name : Old Net Name=NetR53_2 New Net Name=NetR53_1
Change Net Name : Old Net Name=NetR54_2 New Net Name=NetR54_1
Change Net Name : Old Net Name=NetR55_2 New Net Name=NetR55_1
Change Net Name : Old Net Name=NetR59_2 New Net Name=NetR59_1
Change Net Name : Old Net Name=NetR61_2 New Net Name=NetR61_1
Change Net Name : Old Net Name=NetR65_2 New Net Name=NetR65_1
Added Member To Class: ClassName=MyNixie Member=Component C24 100nF(104) 10% 50V
Added Member To Class: ClassName=MyNixie Member=Component R15 20K次 (2002) ㊣1%
Added Member To Class: ClassName=MyNixie Member=Component R29 24K次 (2402) ㊣1%
Added Member To Class: ClassName=MyNixie Member=Component R52 24K次 (2402) ㊣1%
Added Member To Class: ClassName=MyNixie Member=Component R58 24K次 (2402) ㊣1%
Added Member To Class: ClassName=MyNixie Member=Component R63 24K次 (2402) ㊣1%
Added Member To Class: ClassName=MyNixie Member=Component R70 10K次 (1002) ㊣1%
Added Member To Class: ClassName=MyNixie Member=Component R71 10K次 (1002) ㊣1%
Added Member To Class: ClassName=MyNixie Member=Component U14 DS18B20
Added Room: Name=MyNixie
